# timestamp | duration | file | instruction | dir | modtime | etag | size | fileId | status | errorString | http result code | other size | other modtime | other etag | other fileId | other instruction
#=#=#=# Syncrun started 2018-06-30T01:20:05
#=#=#=#=# Propagation starts 2018-06-30T01:20:05 (last step: 241 msec, total: 241 msec)
||android-chrome-192x192.png|INST_NEW|Up|1530339284|2a9c8dbb0b6020ba55a5bf7610814132|6926||4||201|0|0|||INST_NONE|
||404.html|INST_NEW|Up|1530339477|129706f5b83c45bcc9afb0e959f9e3e1|1175||4||201|0|0|||INST_NONE|
||android-chrome-512x512.png|INST_NEW|Up|1530339284|cfbf606495ac4bcb83003b7505c99872|19748||4||201|0|0|||INST_NONE|
||apple-touch-icon.png|INST_NEW|Up|1530339284|b227622ceba9d5bc322d552dba0703fc|6489||4||201|0|0|||INST_NONE|
||categories|INST_NEW|Up|1530339477|"654a755a29296c47af7df7e14b10d69d"|4096||4||201|0|0|||INST_NONE|
||browserconfig.xml|INST_NEW|Up|1530339284|e7d5d0dad205b88e231f86527b8fb1d3|246||4||201|0|0|||INST_NONE|
||favicon-16x16.png|INST_NEW|Up|1530339284|772dd7c6163fc52f6c1d275f8eb015d2|753||4||201|0|0|||INST_NONE|
||css|INST_NEW|Up|1530339284|"6bba8b446e7ef576aee69625a7e5138b"|4096||4||201|0|0|||INST_NONE|
||favicon.ico|INST_NEW|Up|1530339284|3b061f1da16bd0bcfc9946c18a05dae9|7406||4||201|0|0|||INST_NONE|
||favicon-32x32.png|INST_NEW|Up|1530339284|08ab2754ba23ba6fdb4f832451c46d64|1137||4||201|0|0|||INST_NONE|
||categories/index.html|INST_NEW|Up|1530339477|3fa89a4c695b2cdc95bd0386c8f80432|2285||4||201|0|0|||INST_NONE|
||css/custom.css|INST_NEW|Up|1530339284|eeaf9077458ec0475d17252e4a8ff66e|0||4||201|0|0|||INST_NONE|
||categories/index.xml|INST_NEW|Up|1530339477|d0b8a052fcbe49d2c93b076db8aea6c9|1045||4||201|0|0|||INST_NONE|
||categories/page|INST_NEW|Up|1530339477|"f20f2b659d354028b86f9fa67e1598a3"|4096||4||201|0|0|||INST_NONE|
||categories/posts|INST_NEW|Up|1530339477|"2c0eb35a7a44c95166ff1c358ddd3b5a"|4096||4||201|0|0|||INST_NONE|
||categories/test|INST_NEW|Up|1530339477|"4b56553094a6546dd71ec1e2faae17e9"|4096||4||201|0|0|||INST_NONE|
||index.html|INST_NEW|Up|1530339477|6e19b4e1ec14465ec730864cdd6f045b|2332||4||201|0|0|||INST_NONE|
||categories/posts/index.html|INST_NEW|Up|1530339477|a22b575ee377fc102f742367f0aa29e9|1984||4||201|0|0|||INST_NONE|
||categories/posts/index.xml|INST_NEW|Up|1530339477|8e0f1d2edbdbe0ed619ab17c6c05d9cb|861||4||201|0|0|||INST_NONE|
||css/style.css|INST_NEW|Up|1530339284|63c29016a41d65dcfac4bdd1e5a4eda7|112112||4||201|0|0|||INST_NONE|
||categories/page/1|INST_NEW|Up|1530339477|"4ba2cadbcd46ca3047867458729784a4"|4096||4||201|0|0|||INST_NONE|
||categories/posts/page|INST_NEW|Up|1530339477|"ab9d3ced333d2e865e9b95a50acc8fe7"|4096||4||201|0|0|||INST_NONE|
||categories/test/index.html|INST_NEW|Up|1530339477|bafb4a1d125eb36c9d1699e66a080fe6|2307||4||201|0|0|||INST_NONE|
||categories/test/index.xml|INST_NEW|Up|1530339477|8cdef77843a4d23214b5ff7ee073559b|1140||4||201|0|0|||INST_NONE|
||mstile-150x150.png|INST_NEW|Up|1530339284|81c759f894977b8653914ddf26901390|3360||4||201|0|0|||INST_NONE|
||index.xml|INST_NEW|Up|1530339477|9d2d94165722cedff094bb28c0051551|1092||4||201|0|0|||INST_NONE|
||categories/page/1/index.html|INST_NEW|Up|1530339477|18a1780da9e572436bedb03539b0cb40|331||4||201|0|0|||INST_NONE|
||categories/test/page|INST_NEW|Up|1530339477|"6ed1ae3c82bfb160a3c9fa60aea32812"|4096||4||201|0|0|||INST_NONE|
||categories/posts/page/1|INST_NEW|Up|1530339477|"68cbdc7e4b6575a8f2c5c18da60494c3"|4096||4||201|0|0|||INST_NONE|
||site.webmanifest|INST_NEW|Up|1530339284|e0370346511c3343f91b6dc288741b43|426||4||201|0|0|||INST_NONE|
||page|INST_NEW|Up|1530339477|"1d9c909117e56af8a8925a4927ab1b36"|4096||4||201|0|0|||INST_NONE|
||sitemap.xml|INST_NEW|Up|1530339477|b56c8b7ded67510d2196933a1d2add72|1161||4||201|0|0|||INST_NONE|
||posts|INST_NEW|Up|1530339477|"3094a5980fa73d92954e83f7c1567532"|4096||4||201|0|0|||INST_NONE|
||categories/posts/page/1/index.html|INST_NEW|Up|1530339477|df6cfb51bab0c42d7d4bb79f6ee9240a|349||4||201|0|0|||INST_NONE|
||categories/test/page/1|INST_NEW|Up|1530339477|"f94205affc5a765d1e7386331fae3b57"|4096||4||201|0|0|||INST_NONE|
||posts/index.html|INST_NEW|Up|1530339477|f28b5f5570e6abaf1e8a50ab1762e7ba|2308||4||201|0|0|||INST_NONE|
||tags|INST_NEW|Up|1530339477|"8938c699d8f029a9cbeb5ecaa1c6d450"|4096||4||201|0|0|||INST_NONE|
||page/1|INST_NEW|Up|1530339477|"1952b1746066e470bf3e567a024564d1"|4096||4||201|0|0|||INST_NONE|
||posts/index.xml|INST_NEW|Up|1530339477|6c0a6a9345aa5e5c29b6545749fecb09|1122||4||201|0|0|||INST_NONE|
||posts/first-post|INST_NEW|Up|1530339477|"fb4afeec60fb26954c6852fed4b619a6"|4096||4||201|0|0|||INST_NONE|
||categories/test/page/1/index.html|INST_NEW|Up|1530339477|2acb6881e22e1f1df68eb72daaa353d9|346||4||201|0|0|||INST_NONE|
||tags/index.html|INST_NEW|Up|1530339477|51239e91202e246412cfc7eefe1e8968|1667||4||201|0|0|||INST_NONE|
||posts/first-post/index.html|INST_NEW|Up|1530339477|befa68f9c7bc5c8527a33d920da8c1c7|1556||4||201|0|0|||INST_NONE|
||page/1/index.html|INST_NEW|Up|1530339477|af83c6b43c9adddb7fa9977ab16c7c16|298||4||201|0|0|||INST_NONE|
||posts/page|INST_NEW|Up|1530339477|"319ed0445022951cbe44ce1d38b57a48"|4096||4||201|0|0|||INST_NONE|
||tags/index.xml|INST_NEW|Up|1530339477|ecd07df97cbb089ca2378c374437e46f|494||4||201|0|0|||INST_NONE|
||posts/second-post|INST_NEW|Up|1530339477|"5fdad6c2dde0070458c0aa272ec87413"|4096||4||201|0|0|||INST_NONE|
||posts/second-post/index.html|INST_NEW|Up|1530339477|028cd6847c89f379b774f9cdfbb4a1c9|1564||4||201|0|0|||INST_NONE|
||tags/page|INST_NEW|Up|1530339477|"10a42fb25fd8f11ac47487243c9f765c"|4096||4||201|0|0|||INST_NONE|
||posts/page/1|INST_NEW|Up|1530339477|"1bbcfc6893e4bef9264c2122bdd9e4e9"|4096||4||201|0|0|||INST_NONE|
||posts/page/1/index.html|INST_NEW|Up|1530339477|3ed9170cd46f69ba69291e0fe66a312d|316||4||201|0|0|||INST_NONE|
||tags/page/1|INST_NEW|Up|1530339477|"f53c6214bee43f9776eabef8f88760d1"|4096||4||201|0|0|||INST_NONE|
||tags/page/1/index.html|INST_NEW|Up|1530339477|a4d04050a1fd7ef45dedef5dbf51284b|313||4||201|0|0|||INST_NONE|
#=#=#=# Syncrun finished 2018-06-30T01:20:07 (last step: 1994 msec, total: 2236 msec)
#=#=#=# Syncrun started 2018-06-30T01:20:42
#=#=#=#=# Propagation starts 2018-06-30T01:20:46 (last step: 3197 msec, total: 3197 msec)
#=#=#=# Syncrun finished 2018-06-30T01:20:46 (last step: 33 msec, total: 3231 msec)
#=#=#=# Syncrun started 2018-06-30T01:42:15
#=#=#=#=# Propagation starts 2018-06-30T01:42:15 (last step: 470 msec, total: 470 msec)
||categories/posts/index.html|INST_SYNC|Up|1530344533|2b796cf1866acb057bd8b0a5fab7b48f|1766||4||200|1984|1530339477|a22b575ee377fc102f742367f0aa29e9||INST_NONE|
||categories/index.html|INST_SYNC|Up|1530344533|02a29431d79e2fe9e75ba53ac1f0c151|1837||4||200|2285|1530339477|3fa89a4c695b2cdc95bd0386c8f80432||INST_NONE|
||404.html|INST_SYNC|Up|1530344533|bbf9225d124c72b1c661192d2ad71bce|1652||4||200|1175|1530343205|129706f5b83c45bcc9afb0e959f9e3e1||INST_NONE|
||categories/test/index.html|INST_SYNC|Up|1530344533|3e81f08707895bd83e4e7550f5fc682d|1873||4||200|2307|1530339477|bafb4a1d125eb36c9d1699e66a080fe6||INST_NONE|
||categories/index.xml|INST_SYNC|Up|1530344533|1af1f40b2b401a275a2afadb0e0a311e|1063||4||200|1045|1530339477|d0b8a052fcbe49d2c93b076db8aea6c9||INST_NONE|
||categories/posts/index.xml|INST_SYNC|Up|1530344533|ae84d067bb9a42fb5d42b2b884a8ca1d|900||4||200|861|1530339477|8e0f1d2edbdbe0ed619ab17c6c05d9cb||INST_NONE|
||index.html|INST_SYNC|Up|1530344533|8a652c9ed64226ce4f98ffeeab430589|1926||4||200|2332|1530343205|6e19b4e1ec14465ec730864cdd6f045b||INST_NONE|
||categories/test/index.xml|INST_SYNC|Up|1530344533|b303a66961771625b1a80eafcac2521f|1185||4||200|1140|1530339477|8cdef77843a4d23214b5ff7ee073559b||INST_NONE|
||css/fonts.css|INST_NEW|Up|1530337813|8c1501cb6d92c42ac4303a5fd70b1a0c|269||4||201|0|0|||INST_NONE|
||css/style.css|INST_SYNC|Up|1530337813|c2deb6379faa5e0bdfe1c1f7eaa2236a|1852||4||200|112112|1530339284|63c29016a41d65dcfac4bdd1e5a4eda7||INST_NONE|
||posts/first-post/index.html|INST_SYNC|Up|1530344533|20d55a64ef9c7c58665b7fee0d0c522b|1980||4||200|1556|1530339477|befa68f9c7bc5c8527a33d920da8c1c7||INST_NONE|
||posts/index.html|INST_SYNC|Up|1530344533|3df8d22f7ed4a6e7594389ee0b2c9a52|1875||4||200|2308|1530339477|f28b5f5570e6abaf1e8a50ab1762e7ba||INST_NONE|
||posts/second-post/index.html|INST_SYNC|Up|1530344533|208452ae26b174ac973f548e4fcf87e9|1875||4||200|1564|1530339477|028cd6847c89f379b774f9cdfbb4a1c9||INST_NONE|
||index.xml|INST_SYNC|Up|1530344533|1a8840ded38a30d91d57caac1b419fd0|1137||4||200|1092|1530343206|9d2d94165722cedff094bb28c0051551||INST_NONE|
||sitemap.xml|INST_SYNC|Up|1530344533|3a4c4954b81ea6e6f43c84e24acdb45b|1185||4||200|1161|1530343206|b56c8b7ded67510d2196933a1d2add72||INST_NONE|
||posts/index.xml|INST_SYNC|Up|1530344533|269c710b3a2e82fb7b17827e833d72cb|1167||4||200|1122|1530339477|6c0a6a9345aa5e5c29b6545749fecb09||INST_NONE|
||tags/index.html|INST_SYNC|Up|1530344533|545b49e970e0cbf19a93558cfb1627cf|1667||4||200|1667|1530339477|51239e91202e246412cfc7eefe1e8968||INST_NONE|
||tags/index.xml|INST_SYNC|Up|1530344533|4d0f301cd9c0d840f89a51e322d5068b|500||4||200|494|1530339477|ecd07df97cbb089ca2378c374437e46f||INST_NONE|
#=#=#=# Syncrun finished 2018-06-30T01:42:16 (last step: 521 msec, total: 992 msec)
#=#=#=# Syncrun started 2018-06-30T02:15:47
#=#=#=#=# Propagation starts 2018-06-30T02:15:47 (last step: 369 msec, total: 369 msec)
||categories/posts/index.xml|INST_SYNC|Up|1530346545|d510b5555bfcb7e19849f39861894f58|940||4||200|900|1530344533|ae84d067bb9a42fb5d42b2b884a8ca1d||INST_NONE|
||categories/posts/index.html|INST_SYNC|Up|1530346545|341f08e8e155a23f836eee4912d854c2|1776||4||200|1766|1530344533|2b796cf1866acb057bd8b0a5fab7b48f||INST_NONE|
||categories/index.html|INST_SYNC|Up|1530346545|84547c8dc44241c7b9b9f629d896f557|1847||4||200|1837|1530344533|02a29431d79e2fe9e75ba53ac1f0c151||INST_NONE|
||404.html|INST_SYNC|Up|1530346545|5113d3e4ecfc5a5b75d31e8be2dbe92b|1662||4||200|1652|1530344535|bbf9225d124c72b1c661192d2ad71bce||INST_NONE|
||categories/test/index.html|INST_SYNC|Up|1530346545|17c15ce25c94b1f1730e91fdea8c8c58|1883||4||200|1873|1530344533|3e81f08707895bd83e4e7550f5fc682d||INST_NONE|
||index.html|INST_SYNC|Up|1530346545|7a99138ff381ef2a1f1cc82690b69906|1936||4||200|1926|1530344536|8a652c9ed64226ce4f98ffeeab430589||INST_NONE|
||categories/index.xml|INST_SYNC|Up|1530346545|31518bacc18e0a682f2c06bd1ae98485|1123||4||200|1063|1530344533|1af1f40b2b401a275a2afadb0e0a311e||INST_NONE|
||categories/test/index.xml|INST_SYNC|Up|1530346545|14348b8798aa524aaac2bd1f235cd53f|1245||4||200|1185|1530344533|b303a66961771625b1a80eafcac2521f||INST_NONE|
||index.xml|INST_SYNC|Up|1530346545|ec7c4b9197eb267faffb48f7cb124a6a|1197||4||200|1137|1530344536|1a8840ded38a30d91d57caac1b419fd0||INST_NONE|
||posts/index.html|INST_SYNC|Up|1530346545|cb29261fd7c395862b628fca8ebc3864|1885||4||200|1875|1530344533|3df8d22f7ed4a6e7594389ee0b2c9a52||INST_NONE|
||posts/first-post/index.html|INST_SYNC|Up|1530346545|73578b4d83d90fdd0cbc2dcc18f17b53|1990||4||200|1980|1530344533|20d55a64ef9c7c58665b7fee0d0c522b||INST_NONE|
||posts/index.xml|INST_SYNC|Up|1530346545|ebfa42d646ef4bc64f1a1fdba976adee|1227||4||200|1167|1530344533|269c710b3a2e82fb7b17827e833d72cb||INST_NONE|
||posts/second-post/index.html|INST_SYNC|Up|1530346545|4602154f809c6822e8ad1bf2f79543c8|1885||4||200|1875|1530344533|208452ae26b174ac973f548e4fcf87e9||INST_NONE|
||sitemap.xml|INST_SYNC|Up|1530346545|bb4a296c33bd4820e2bff2541e7c9b9f|1265||4||200|1185|1530344536|3a4c4954b81ea6e6f43c84e24acdb45b||INST_NONE|
||tags/index.html|INST_SYNC|Up|1530346545|5faf0c78a09fc4980993367405b4df59|1677||4||200|1667|1530344533|545b49e970e0cbf19a93558cfb1627cf||INST_NONE|
||tags/index.xml|INST_SYNC|Up|1530346545|442b674135ea722e177a0dbae0212cc5|520||4||200|500|1530344533|4d0f301cd9c0d840f89a51e322d5068b||INST_NONE|
#=#=#=# Syncrun finished 2018-06-30T02:15:48 (last step: 474 msec, total: 843 msec)
#=#=#=# Syncrun started 2018-06-30T02:19:39
#=#=#=#=# Propagation starts 2018-06-30T02:19:40 (last step: 326 msec, total: 326 msec)
||404.html|INST_SYNC|Up|1530346777|63b1db80c73abac33b7931428e8f4b4f|1661||4||200|1662|1530346547|5113d3e4ecfc5a5b75d31e8be2dbe92b||INST_NONE|
||categories/index.html|INST_SYNC|Up|1530346777|1d44e5e571419a8ef3ef338a965434b3|1846||4||200|1847|1530346545|84547c8dc44241c7b9b9f629d896f557||INST_NONE|
||categories/posts/index.html|INST_SYNC|Up|1530346777|fd6851d57db495e1b0d81df383ef2e5a|1775||4||200|1776|1530346545|341f08e8e155a23f836eee4912d854c2||INST_NONE|
||categories/test/index.html|INST_SYNC|Up|1530346777|c57255031af468a6aae476115bda5021|1882||4||200|1883|1530346545|17c15ce25c94b1f1730e91fdea8c8c58||INST_NONE|
||categories/posts/index.xml|INST_SYNC|Up|1530346777|5634dfdaea0420f0ab55350485d4f50a|936||4||200|940|1530346545|d510b5555bfcb7e19849f39861894f58||INST_NONE|
||index.html|INST_SYNC|Up|1530346777|e86f7698fad94401fa93e1c5a7c6fa27|1935||4||200|1936|1530346547|7a99138ff381ef2a1f1cc82690b69906||INST_NONE|
||categories/index.xml|INST_SYNC|Up|1530346777|d00dd0690082ec1821433aef72518833|1117||4||200|1123|1530346545|31518bacc18e0a682f2c06bd1ae98485||INST_NONE|
||categories/test/index.xml|INST_SYNC|Up|1530346777|f782b27b5fe2c49857decbb42835439f|1239||4||200|1245|1530346545|14348b8798aa524aaac2bd1f235cd53f||INST_NONE|
||posts/first-post/index.html|INST_SYNC|Up|1530346777|3170982f8d224f984d5036db93e4d36b|1989||4||200|1990|1530346545|73578b4d83d90fdd0cbc2dcc18f17b53||INST_NONE|
||posts/index.html|INST_SYNC|Up|1530346777|976748f2a550307e5a31dadbdc572122|1884||4||200|1885|1530346545|cb29261fd7c395862b628fca8ebc3864||INST_NONE|
||index.xml|INST_SYNC|Up|1530346777|395b3f2f317c0f6528d6a9e5d09ef362|1191||4||200|1197|1530346547|ec7c4b9197eb267faffb48f7cb124a6a||INST_NONE|
||posts/second-post/index.html|INST_SYNC|Up|1530346777|1c9a619e2110bd958b92dbd60e6529eb|1884||4||200|1885|1530346545|4602154f809c6822e8ad1bf2f79543c8||INST_NONE|
||posts/index.xml|INST_SYNC|Up|1530346777|ae927875fd7774253b29f844e7cb8307|1221||4||200|1227|1530346545|ebfa42d646ef4bc64f1a1fdba976adee||INST_NONE|
||sitemap.xml|INST_SYNC|Up|1530346777|5faaef1190cf903c553e7b90fab2cd83|1257||4||200|1265|1530346548|bb4a296c33bd4820e2bff2541e7c9b9f||INST_NONE|
||tags/index.html|INST_SYNC|Up|1530346777|c19e428c0e9c76c10ec0905b3f286e30|1676||4||200|1677|1530346545|5faf0c78a09fc4980993367405b4df59||INST_NONE|
||tags/index.xml|INST_SYNC|Up|1530346777|40606b0f26b5e1f51b5ef2da899d5535|518||4||200|520|1530346545|442b674135ea722e177a0dbae0212cc5||INST_NONE|
#=#=#=# Syncrun finished 2018-06-30T02:19:40 (last step: 635 msec, total: 962 msec)
#=#=#=# Syncrun started 2018-06-30T02:21:09
#=#=#=#=# Propagation starts 2018-06-30T02:21:09 (last step: 408 msec, total: 408 msec)
||404.html|INST_SYNC|Up|1530346867|f029cdd59de72a4467de9887b237f4cf|1663||4||200|1661|1530346780|63b1db80c73abac33b7931428e8f4b4f||INST_NONE|
||categories/index.html|INST_SYNC|Up|1530346867|82b3bb40cc97079f7bc6a72f9fda4c7e|1848||4||200|1846|1530346777|1d44e5e571419a8ef3ef338a965434b3||INST_NONE|
||categories/index.xml|INST_SYNC|Up|1530346867|ad643618644553ca97c4fd95b935048b|1123||4||200|1117|1530346777|d00dd0690082ec1821433aef72518833||INST_NONE|
||categories/test/index.html|INST_SYNC|Up|1530346867|abf22a55881fbbbc19bb95c14dd4a036|1884||4||200|1882|1530346777|c57255031af468a6aae476115bda5021||INST_NONE|
||categories/posts/index.html|INST_SYNC|Up|1530346867|094dec578f60a049026cdffa3f26fd87|1777||4||200|1775|1530346777|fd6851d57db495e1b0d81df383ef2e5a||INST_NONE|
||index.html|INST_SYNC|Up|1530346867|7426709a5bf03aee4ea641d6b917fe72|1937||4||200|1935|1530346780|e86f7698fad94401fa93e1c5a7c6fa27||INST_NONE|
||categories/posts/index.xml|INST_SYNC|Up|1530346867|f5de8229a80183fc9f60891934b89003|940||4||200|936|1530346777|5634dfdaea0420f0ab55350485d4f50a||INST_NONE|
||categories/test/index.xml|INST_SYNC|Up|1530346867|c99e3344ce09fd3573d1bd8ede153582|1245||4||200|1239|1530346777|f782b27b5fe2c49857decbb42835439f||INST_NONE|
||posts/first-post/index.html|INST_SYNC|Up|1530346867|8a026aa2bd41c12984086e7a9b2ddb6f|1991||4||200|1989|1530346777|3170982f8d224f984d5036db93e4d36b||INST_NONE|
||index.xml|INST_SYNC|Up|1530346867|363acd296b714cb45b72c6ce217098c7|1197||4||200|1191|1530346780|395b3f2f317c0f6528d6a9e5d09ef362||INST_NONE|
||posts/index.html|INST_SYNC|Up|1530346867|7f6c0497970b295427011bffea602042|1886||4||200|1884|1530346777|976748f2a550307e5a31dadbdc572122||INST_NONE|
||posts/second-post/index.html|INST_SYNC|Up|1530346867|004536ddfb6d3ec3e303684d0d4b9797|1886||4||200|1884|1530346777|1c9a619e2110bd958b92dbd60e6529eb||INST_NONE|
||posts/index.xml|INST_SYNC|Up|1530346867|1752adaaa872c2fd88e4576ee5a00a5f|1227||4||200|1221|1530346777|ae927875fd7774253b29f844e7cb8307||INST_NONE|
||tags/index.html|INST_SYNC|Up|1530346867|100498b62b90f05c7f3b584fdab93b4f|1678||4||200|1676|1530346777|c19e428c0e9c76c10ec0905b3f286e30||INST_NONE|
||sitemap.xml|INST_SYNC|Up|1530346867|365efa29d44f01b9bcfc62972c96737f|1265||4||200|1257|1530346780|5faaef1190cf903c553e7b90fab2cd83||INST_NONE|
||tags/index.xml|INST_SYNC|Up|1530346867|a7060c80d5dc5938e264baf90938abb5|520||4||200|518|1530346777|40606b0f26b5e1f51b5ef2da899d5535||INST_NONE|
#=#=#=# Syncrun finished 2018-06-30T02:21:10 (last step: 478 msec, total: 887 msec)
#=#=#=# Syncrun started 2018-06-30T02:23:06
#=#=#=#=# Propagation starts 2018-06-30T02:23:06 (last step: 365 msec, total: 365 msec)
||categories/index.xml|INST_SYNC|Up|1530346984|55a0eb77ad0dd424a1f36c3b36e76fdf|1219||4||200|1123|1530346867|ad643618644553ca97c4fd95b935048b||INST_NONE|
||404.html|INST_SYNC|Up|1530346984|62912fe5942f06f23f8f9ce11c7da936|1562||4||200|1663|1530346869|f029cdd59de72a4467de9887b237f4cf||INST_NONE|
||categories/posts/index.xml|INST_SYNC|Up|1530346984|c747e8cdfd21fdc3416b75bcf29abec1|1004||4||200|940|1530346867|f5de8229a80183fc9f60891934b89003||INST_NONE|
||categories/index.html|INST_SYNC|Up|1530346984|99c1227bdc5051cc54724f137f6c0328|1747||4||200|1848|1530346867|82b3bb40cc97079f7bc6a72f9fda4c7e||INST_NONE|
||index.html|INST_SYNC|Up|1530346984|ccbbcf6bb640301cbec43bc6aebb9084|1836||4||200|1937|1530346869|7426709a5bf03aee4ea641d6b917fe72||INST_NONE|
||categories/posts/index.html|INST_SYNC|Up|1530346984|e307b18c2771563f8179cd719919e6d5|1676||4||200|1777|1530346867|094dec578f60a049026cdffa3f26fd87||INST_NONE|
||categories/test/index.html|INST_SYNC|Up|1530346984|fd037ba3d1ddcd01a529dabb1414e775|1783||4||200|1884|1530346867|abf22a55881fbbbc19bb95c14dd4a036||INST_NONE|
||categories/test/index.xml|INST_SYNC|Up|1530346984|1755bb450ad65888ea43b64b11ea5067|1341||4||200|1245|1530346867|c99e3344ce09fd3573d1bd8ede153582||INST_NONE|
||index.xml|INST_SYNC|Up|1530346984|8f7fdb5ee5d71f9fa4df50d17bb2e1b4|1293||4||200|1197|1530346869|363acd296b714cb45b72c6ce217098c7||INST_NONE|
||posts/index.html|INST_SYNC|Up|1530346984|a8c7afb25e623cef96d09c3e391b94b9|1785||4||200|1886|1530346867|7f6c0497970b295427011bffea602042||INST_NONE|
||posts/second-post/index.html|INST_SYNC|Up|1530346984|6e34b91a9a602b8eaedc60de2f32850e|1785||4||200|1886|1530346867|004536ddfb6d3ec3e303684d0d4b9797||INST_NONE|
||posts/first-post/index.html|INST_SYNC|Up|1530346984|a1824128467b2614d8841961250dfc98|1890||4||200|1991|1530346867|8a026aa2bd41c12984086e7a9b2ddb6f||INST_NONE|
||sitemap.xml|INST_SYNC|Up|1530346984|0f0f35bd30547808a817c6bf762c36eb|1393||4||200|1265|1530346870|365efa29d44f01b9bcfc62972c96737f||INST_NONE|
||posts/index.xml|INST_SYNC|Up|1530346984|c7a05d6e690742d1549a90979fa073d9|1323||4||200|1227|1530346867|1752adaaa872c2fd88e4576ee5a00a5f||INST_NONE|
||tags/index.html|INST_SYNC|Up|1530346984|fe5422d00b7ffaa2af8830dba7ae6204|1577||4||200|1678|1530346867|100498b62b90f05c7f3b584fdab93b4f||INST_NONE|
||tags/index.xml|INST_SYNC|Up|1530346984|168d65c3abf9ef487c96798888c21200|552||4||200|520|1530346867|a7060c80d5dc5938e264baf90938abb5||INST_NONE|
#=#=#=# Syncrun finished 2018-06-30T02:23:07 (last step: 501 msec, total: 867 msec)
